[2022-03-17T17:23:55.959] [ERROR] default - TypeError: Cannot read properties of undefined (reading 'email')
    at getByEmailCoursesApi (file:///C:/Trabajos/Curso/BackEnd/Hackaton/Team1/HackathonEquipo1/src/controllers/training.js:32:45)
    at Layer.handle [as handle_request] (C:\Trabajos\Curso\BackEnd\Hackaton\Team1\HackathonEquipo1\node_modules\express\lib\router\layer.js:95:5)
    at next (C:\Trabajos\Curso\BackEnd\Hackaton\Team1\HackathonEquipo1\node_modules\express\lib\router\route.js:137:13)
    at Route.dispatch (C:\Trabajos\Curso\BackEnd\Hackaton\Team1\HackathonEquipo1\node_modules\express\lib\router\route.js:112:3)
    at Layer.handle [as handle_request] (C:\Trabajos\Curso\BackEnd\Hackaton\Team1\HackathonEquipo1\node_modules\express\lib\router\layer.js:95:5)
    at C:\Trabajos\Curso\BackEnd\Hackaton\Team1\HackathonEquipo1\node_modules\express\lib\router\index.js:281:22
    at Function.process_params (C:\Trabajos\Curso\BackEnd\Hackaton\Team1\HackathonEquipo1\node_modules\express\lib\router\index.js:341:12)
    at next (C:\Trabajos\Curso\BackEnd\Hackaton\Team1\HackathonEquipo1\node_modules\express\lib\router\index.js:275:10)
    at Layer.handle [as handle_request] (C:\Trabajos\Curso\BackEnd\Hackaton\Team1\HackathonEquipo1\node_modules\express\lib\router\layer.js:91:12)
    at trim_prefix (C:\Trabajos\Curso\BackEnd\Hackaton\Team1\HackathonEquipo1\node_modules\express\lib\router\index.js:323:13)
[2022-03-17T17:27:15.712] [ERROR] default - TypeError: Cannot read properties of undefined (reading 'email')
    at getByEmailCoursesApi (file:///C:/Trabajos/Curso/BackEnd/Hackaton/Team1/HackathonEquipo1/src/controllers/training.js:33:36)
    at Layer.handle [as handle_request] (C:\Trabajos\Curso\BackEnd\Hackaton\Team1\HackathonEquipo1\node_modules\express\lib\router\layer.js:95:5)
    at next (C:\Trabajos\Curso\BackEnd\Hackaton\Team1\HackathonEquipo1\node_modules\express\lib\router\route.js:137:13)
    at Route.dispatch (C:\Trabajos\Curso\BackEnd\Hackaton\Team1\HackathonEquipo1\node_modules\express\lib\router\route.js:112:3)
    at Layer.handle [as handle_request] (C:\Trabajos\Curso\BackEnd\Hackaton\Team1\HackathonEquipo1\node_modules\express\lib\router\layer.js:95:5)
    at C:\Trabajos\Curso\BackEnd\Hackaton\Team1\HackathonEquipo1\node_modules\express\lib\router\index.js:281:22
    at Function.process_params (C:\Trabajos\Curso\BackEnd\Hackaton\Team1\HackathonEquipo1\node_modules\express\lib\router\index.js:341:12)
    at next (C:\Trabajos\Curso\BackEnd\Hackaton\Team1\HackathonEquipo1\node_modules\express\lib\router\index.js:275:10)
    at Layer.handle [as handle_request] (C:\Trabajos\Curso\BackEnd\Hackaton\Team1\HackathonEquipo1\node_modules\express\lib\router\layer.js:91:12)
    at trim_prefix (C:\Trabajos\Curso\BackEnd\Hackaton\Team1\HackathonEquipo1\node_modules\express\lib\router\index.js:323:13)
[2022-03-17T17:29:08.066] [ERROR] default - TypeError: servicioTraining.getCoursesByEmail is not a function
    at getByEmailCoursesApi (file:///C:/Trabajos/Curso/BackEnd/Hackaton/Team1/HackathonEquipo1/src/controllers/training.js:34:52)
    at Layer.handle [as handle_request] (C:\Trabajos\Curso\BackEnd\Hackaton\Team1\HackathonEquipo1\node_modules\express\lib\router\layer.js:95:5)
    at next (C:\Trabajos\Curso\BackEnd\Hackaton\Team1\HackathonEquipo1\node_modules\express\lib\router\route.js:137:13)
    at Route.dispatch (C:\Trabajos\Curso\BackEnd\Hackaton\Team1\HackathonEquipo1\node_modules\express\lib\router\route.js:112:3)
    at Layer.handle [as handle_request] (C:\Trabajos\Curso\BackEnd\Hackaton\Team1\HackathonEquipo1\node_modules\express\lib\router\layer.js:95:5)
    at C:\Trabajos\Curso\BackEnd\Hackaton\Team1\HackathonEquipo1\node_modules\express\lib\router\index.js:281:22
    at Function.process_params (C:\Trabajos\Curso\BackEnd\Hackaton\Team1\HackathonEquipo1\node_modules\express\lib\router\index.js:341:12)
    at next (C:\Trabajos\Curso\BackEnd\Hackaton\Team1\HackathonEquipo1\node_modules\express\lib\router\index.js:275:10)
    at Layer.handle [as handle_request] (C:\Trabajos\Curso\BackEnd\Hackaton\Team1\HackathonEquipo1\node_modules\express\lib\router\layer.js:91:12)
    at trim_prefix (C:\Trabajos\Curso\BackEnd\Hackaton\Team1\HackathonEquipo1\node_modules\express\lib\router\index.js:323:13)
[2022-03-17T17:33:11.128] [ERROR] default - TypeError: Converting circular structure to JSON
    --> starting at object with constructor 'Socket'
    |     property 'parser' -> object with constructor 'HTTPParser'
    --- property 'socket' closes the circle
    at JSON.stringify (<anonymous>)
    at getByEmailCoursesApi (file:///C:/Trabajos/Curso/BackEnd/Hackaton/Team1/HackathonEquipo1/src/controllers/training.js:32:30)
    at Layer.handle [as handle_request] (C:\Trabajos\Curso\BackEnd\Hackaton\Team1\HackathonEquipo1\node_modules\express\lib\router\layer.js:95:5)
    at next (C:\Trabajos\Curso\BackEnd\Hackaton\Team1\HackathonEquipo1\node_modules\express\lib\router\route.js:137:13)
    at Route.dispatch (C:\Trabajos\Curso\BackEnd\Hackaton\Team1\HackathonEquipo1\node_modules\express\lib\router\route.js:112:3)
    at Layer.handle [as handle_request] (C:\Trabajos\Curso\BackEnd\Hackaton\Team1\HackathonEquipo1\node_modules\express\lib\router\layer.js:95:5)
    at C:\Trabajos\Curso\BackEnd\Hackaton\Team1\HackathonEquipo1\node_modules\express\lib\router\index.js:281:22
    at Function.process_params (C:\Trabajos\Curso\BackEnd\Hackaton\Team1\HackathonEquipo1\node_modules\express\lib\router\index.js:341:12)
    at next (C:\Trabajos\Curso\BackEnd\Hackaton\Team1\HackathonEquipo1\node_modules\express\lib\router\index.js:275:10)
    at Layer.handle [as handle_request] (C:\Trabajos\Curso\BackEnd\Hackaton\Team1\HackathonEquipo1\node_modules\express\lib\router\layer.js:91:12)
